<?xml version="1.0" encoding="UTF-8"?>
<!-- Generated by org.testng.reporters.JUnitXMLReporter -->
<testsuite ignored="3" hostname="DESKTOP-T29RGA0" failures="0" tests="6" name="Test1" time="0.1" errors="0" timestamp="2023-01-25T11:26:03 IST">
  <testcase classname="testLayer.Register" name="test4" time="0.016"/>
  <testcase classname="testLayer.Register" name="test6" time="0.002"/>
  <testcase classname="testLayer.LoginPage" name="test7" time="0.001"/>
  <testcase classname="testLayer.LoginPage" name="test9" time="0.004"/>
  <testcase classname="testLayer.BuyProduct" name="test1" time="0.002"/>
  <testcase classname="testLayer.BuyProduct" name="test3" time="0.003"/>
  <testcase classname="testLayer.BuyProduct" name="test2" time="0.0">
    <ignored/>
  </testcase> <!-- test2 -->
  <testcase classname="testLayer.Register" name="test5" time="0.0">
    <ignored/>
  </testcase> <!-- test5 -->
  <testcase classname="testLayer.LoginPage" name="test8" time="0.0">
    <ignored/>
  </testcase> <!-- test8 -->
</testsuite> <!-- Test1 -->
