<?xml version="1.0" encoding="UTF-8"?>
<!-- Generated by org.testng.reporters.JUnitXMLReporter -->
<testsuite ignored="0" hostname="DESKTOP-T29RGA0" failures="0" tests="14" name="TestExample" time="0.175" errors="0" timestamp="2023-01-24T12:18:39 IST">
  <testcase classname="basicTestNG.Sample3" name="xyz" time="0.018"/>
  <testcase classname="basicTestNG.Sample3" name="abc" time="0.009"/>
  <testcase classname="basicTestNG.Sample3" name="mnp" time="0.001"/>
  <testcase classname="basicTestNG.Sample3" name="mnp" time="0.002"/>
  <testcase classname="basicTestNG.Sample3" name="mnp" time="0.005"/>
  <testcase classname="basicTestNG.Sample3" name="mnp" time="0.006"/>
  <testcase classname="basicTestNG.Sample3" name="mnp" time="0.006"/>
  <testcase classname="basicTestNG.Sample4" name="xyz" time="0.002"/>
  <testcase classname="basicTestNG.Sample4" name="abc" time="0.007"/>
  <testcase classname="basicTestNG.Sample4" name="abc" time="0.005"/>
  <testcase classname="basicTestNG.Sample4" name="abc" time="0.001"/>
  <testcase classname="basicTestNG.Sample4" name="abc" time="0.002"/>
  <testcase classname="basicTestNG.Sample4" name="abc" time="0.002"/>
  <testcase classname="basicTestNG.Sample4" name="mnp" time="0.005"/>
</testsuite> <!-- TestExample -->
