<?xml version="1.0" encoding="UTF-8"?>
<testng-results ignored="0" total="2" passed="2" failed="0" skipped="0">
  <reporter-output>
  </reporter-output>
  <suite started-at="2023-01-28T13:14:26 IST" name="Default suite" finished-at="2023-01-28T13:14:26 IST" duration-ms="73">
    <groups>
    </groups>
    <test started-at="2023-01-28T13:14:26 IST" name="Default test" finished-at="2023-01-28T13:14:26 IST" duration-ms="73">
      <class name="annotations.SampleEx">
        <test-method is-config="true" signature="beforesuite()[pri:0, instance:annotations.SampleEx@14dd9eb7]" started-at="2023-01-28T13:14:26 IST" name="beforesuite" finished-at="2023-01-28T13:14:26 IST" duration-ms="12" status="PASS">
          <reporter-output>
          </reporter-output>
        </test-method> <!-- beforesuite -->
        <test-method is-config="true" signature="beforetest()[pri:0, instance:annotations.SampleEx@14dd9eb7]" started-at="2023-01-28T13:14:26 IST" name="beforetest" finished-at="2023-01-28T13:14:26 IST" duration-ms="0" status="PASS">
          <reporter-output>
          </reporter-output>
        </test-method> <!-- beforetest -->
        <test-method is-config="true" signature="beforeclass()[pri:0, instance:annotations.SampleEx@14dd9eb7]" started-at="2023-01-28T13:14:26 IST" name="beforeclass" finished-at="2023-01-28T13:14:26 IST" duration-ms="1" status="PASS">
          <reporter-output>
          </reporter-output>
        </test-method> <!-- beforeclass -->
        <test-method is-config="true" signature="beforeMethod()[pri:0, instance:annotations.SampleEx@14dd9eb7]" started-at="2023-01-28T13:14:26 IST" name="beforeMethod" finished-at="2023-01-28T13:14:26 IST" duration-ms="1" status="PASS">
          <reporter-output>
          </reporter-output>
        </test-method> <!-- beforeMethod -->
        <test-method signature="test1()[pri:0, instance:annotations.SampleEx@14dd9eb7]" started-at="2023-01-28T13:14:26 IST" name="test1" finished-at="2023-01-28T13:14:26 IST" duration-ms="13" status="PASS">
          <reporter-output>
          </reporter-output>
        </test-method> <!-- test1 -->
        <test-method is-config="true" signature="afterMethod()[pri:0, instance:annotations.SampleEx@14dd9eb7]" started-at="2023-01-28T13:14:26 IST" name="afterMethod" finished-at="2023-01-28T13:14:26 IST" duration-ms="1" status="PASS">
          <reporter-output>
          </reporter-output>
        </test-method> <!-- afterMethod -->
        <test-method is-config="true" signature="beforeMethod()[pri:0, instance:annotations.SampleEx@14dd9eb7]" started-at="2023-01-28T13:14:26 IST" name="beforeMethod" finished-at="2023-01-28T13:14:26 IST" duration-ms="0" status="PASS">
          <reporter-output>
          </reporter-output>
        </test-method> <!-- beforeMethod -->
        <test-method signature="test2()[pri:0, instance:annotations.SampleEx@14dd9eb7]" started-at="2023-01-28T13:14:26 IST" name="test2" finished-at="2023-01-28T13:14:26 IST" duration-ms="3" status="PASS">
          <reporter-output>
          </reporter-output>
        </test-method> <!-- test2 -->
        <test-method is-config="true" signature="afterMethod()[pri:0, instance:annotations.SampleEx@14dd9eb7]" started-at="2023-01-28T13:14:26 IST" name="afterMethod" finished-at="2023-01-28T13:14:26 IST" duration-ms="0" status="PASS">
          <reporter-output>
          </reporter-output>
        </test-method> <!-- afterMethod -->
        <test-method is-config="true" signature="afterclass()[pri:0, instance:annotations.SampleEx@14dd9eb7]" started-at="2023-01-28T13:14:26 IST" name="afterclass" finished-at="2023-01-28T13:14:26 IST" duration-ms="0" status="PASS">
          <reporter-output>
          </reporter-output>
        </test-method> <!-- afterclass -->
        <test-method is-config="true" signature="aftertest()[pri:0, instance:annotations.SampleEx@14dd9eb7]" started-at="2023-01-28T13:14:26 IST" name="aftertest" finished-at="2023-01-28T13:14:26 IST" duration-ms="1" status="PASS">
          <reporter-output>
          </reporter-output>
        </test-method> <!-- aftertest -->
        <test-method is-config="true" signature="aftersuite()[pri:0, instance:annotations.SampleEx@14dd9eb7]" started-at="2023-01-28T13:14:26 IST" name="aftersuite" finished-at="2023-01-28T13:14:26 IST" duration-ms="3" status="PASS">
          <reporter-output>
          </reporter-output>
        </test-method> <!-- aftersuite -->
      </class> <!-- annotations.SampleEx -->
    </test> <!-- Default test -->
  </suite> <!-- Default suite -->
</testng-results>
